<?xml version="1.0" encoding="UTF-8"?>
<!-- Generated by org.testng.reporters.JUnitReportReporter -->
<testsuite hostname="SeemaPatil" failures="0" tests="4" name="Selenium.testNG2" time="0.002" errors="0" timestamp="2024-04-08T17:27:13 IST" skipped="0">
  <testcase classname="Selenium.testNG2" name="a1" time="0.000"/>
  <testcase classname="Selenium.testNG2" name="ab" time="0.001"/>
  <testcase classname="Selenium.testNG2" name="a3" time="0.001"/>
  <testcase classname="Selenium.testNG2" name="z" time="0.000"/>
</testsuite> <!-- Selenium.testNG2 -->
