<?xml version="1.0" encoding="UTF-8"?>
<!-- Generated by org.testng.reporters.JUnitReportReporter -->
<testsuite hostname="SeemaPatil" failures="0" tests="1" name="Selenium.assertEquals" time="3.364" errors="0" timestamp="2024-04-08T16:35:13 IST" skipped="0">
  <testcase classname="Selenium.assertEquals" name="testCae1" time="3.364"/>
</testsuite> <!-- Selenium.assertEquals -->
