<?xml version="1.0" encoding="UTF-8"?>
<!-- Generated by org.testng.reporters.JUnitReportReporter -->
<testsuite hostname="SeemaPatil" failures="0" tests="3" name="Selenium.testNG7DataParameterization" time="32.141" errors="0" timestamp="2024-04-08T17:27:13 IST" skipped="0">
  <testcase classname="Selenium.testNG7DataParameterization" name="enterData" time="10.654"/>
  <testcase classname="Selenium.testNG7DataParameterization" name="enterData" time="10.698"/>
  <testcase classname="Selenium.testNG7DataParameterization" name="enterData" time="10.789"/>
</testsuite> <!-- Selenium.testNG7DataParameterization -->
