<?xml version="1.0" encoding="UTF-8"?>
<!-- Generated by org.testng.reporters.JUnitReportReporter -->
<testsuite hostname="SeemaPatil" failures="0" tests="2" name="Selenium.TestNG1" time="0.011" errors="0" timestamp="2024-04-08T17:27:13 IST" skipped="0">
  <testcase classname="Selenium.TestNG1" name="a1" time="0.009"/>
  <testcase classname="Selenium.TestNG1" name="a2" time="0.002"/>
</testsuite> <!-- Selenium.TestNG1 -->
