<?xml version="1.0" encoding="UTF-8"?>
<!-- Generated by org.testng.reporters.JUnitReportReporter -->
<testsuite hostname="SeemaPatil" failures="0" tests="1" name="Selenium.assertion2" time="0.023" errors="0" timestamp="2024-04-08T16:57:50 IST" skipped="0">
  <testcase classname="Selenium.assertion2" name="testCase2" time="0.023"/>
</testsuite> <!-- Selenium.assertion2 -->
