<?xml version="1.0" encoding="UTF-8"?>
<!-- Generated by org.testng.reporters.JUnitReportReporter -->
<testsuite hostname="SeemaPatil" failures="0" tests="4" name="Selenium.testNG3" time="0.004" errors="0" timestamp="2024-04-08T17:27:13 IST" skipped="0">
  <testcase classname="Selenium.testNG3" name="a" time="0.001"/>
  <testcase classname="Selenium.testNG3" name="c" time="0.001"/>
  <testcase classname="Selenium.testNG3" name="d" time="0.001"/>
  <testcase classname="Selenium.testNG3" name="b" time="0.001"/>
</testsuite> <!-- Selenium.testNG3 -->
