<?xml version="1.0" encoding="UTF-8"?>
<!-- Generated by org.testng.reporters.JUnitReportReporter -->
<testsuite hostname="SeemaPatil" failures="0" tests="4" name="Selenium.testNG5" time="0.004" errors="0" timestamp="2024-04-08T17:27:13 IST" skipped="1">
  <testcase classname="Selenium.testNG5" name="c" time="0.001"/>
  <testcase classname="Selenium.testNG5" name="a" time="0.001"/>
  <testcase classname="Selenium.testNG5" name="c" time="0.002"/>
  <testcase classname="Selenium.testNG5" name="b">
    <skipped/>
  </testcase> <!-- b -->
</testsuite> <!-- Selenium.testNG5 -->
