<?xml version="1.0" encoding="UTF-8"?>
<!-- Generated by org.testng.reporters.JUnitReportReporter -->
<testsuite hostname="SeemaPatil" failures="0" tests="1" name="Selenium.Assertion3" time="0.016" errors="0" timestamp="2024-04-08T17:08:41 IST" skipped="0">
  <testcase classname="Selenium.Assertion3" name="testCase4" time="0.016"/>
</testsuite> <!-- Selenium.Assertion3 -->
