<?xml version="1.0" encoding="UTF-8"?>
<!-- Generated by org.testng.reporters.JUnitReportReporter -->
<testsuite hostname="SeemaPatil" failures="0" tests="5" name="Selenium.testNG4" time="0.003" errors="0" timestamp="2024-04-08T17:27:13 IST" skipped="2">
  <testcase classname="Selenium.testNG4" name="d" time="0.001"/>
  <testcase classname="Selenium.testNG4" name="d" time="0.001"/>
  <testcase classname="Selenium.testNG4" name="c" time="0.001"/>
  <testcase classname="Selenium.testNG4" name="f" time="0.000">
    <skipped/>
  </testcase> <!-- f -->
  <testcase classname="Selenium.testNG4" name="b">
    <skipped/>
  </testcase> <!-- b -->
</testsuite> <!-- Selenium.testNG4 -->
